IQ-TREE multicore version 2.0.3 for Mac OS X 64-bit built Dec 19 2020
Developed by Bui Quang Minh, Nguyen Lam Tung, Olga Chernomor,
Heiko Schmidt, Dominik Schrempf, Michael Woodhams.

Host:    biol-public-vpn-2-113.ethz.ch (AVX2, FMA3, 8 GB RAM)
Command: iqtree -s 31_MT_homologs_PoyE_outgroup_aligned_50gaps_removed_muscle.afa -o BGC0000598_AFS60641.1_Candidatus_Entotheonella_factor_polytheonamide_N_methyltransferase_RiPP_Proteusin -m VT+F+R5 -B 1000 -T 2
Seed:    577947 (Using SPRNG - Scalable Parallel Random Number Generator)
Time:    Sun Jul  4 21:33:36 2021
Kernel:  AVX+FMA - 2 threads (8 CPU cores detected)

Reading alignment file 31_MT_homologs_PoyE_outgroup_aligned_50gaps_removed_muscle.afa ... Fasta format detected
Alignment most likely contains protein sequences
Alignment has 31 sequences with 311 columns, 311 distinct patterns
307 parsimony-informative, 4 singleton sites, 0 constant sites
                                                                                                   Gap/Ambiguity  Composition  p-value
   1  BGC0000598_AFS60641.1_Candidatus_Entotheonella_factor_polytheonamide_RiPP_Proteusin                  3.86%    passed      9.26%
   2  MALASAMN05422137_METAGscaffold4_gene141_Candidatus_Eudoremicrobiaceae_this_study_Proteusin          21.86%    passed     59.92%
   3  BGC0000331_ABI26077_1_Planktothrix_agardhii_NIVA_CYA_116_cyanopeptin_NRP                             1.61%    failed      0.00%
   4  BGC0000026_AAK83186_1_Streptomyces_viridochromogenes_Tue57_avilamycin_A_Saccharide                  30.55%    passed     29.71%
   5  BGC0001191_AKC92641_1_Amycolatopsis_sp_SANK_60206_A_102395_Other                                    24.44%    passed     66.49%
   6  BGC0000949_BAI53084_1_Streptomyces_griseus_A_500359_NRP                                             24.44%    passed     51.23%
   7  BGC0001138_AET51865_1_Marinactinospora_thermotolerans_A_201A_Other                                  31.51%    failed      1.16%
   8  BGC0000873_CAD62202_1_Saccharothrix_mutabilis_A_201A_Other                                          25.08%    failed      1.99%
   9  BGC0001451_BCRE_RS14165_Candidatus_Burkholderia_crenata_FR900359_NRP                                 1.93%    passed     13.73%
  10  BGC0000967_BAP05589_1_uncultured_Candidatus_Entotheonella_sp_calyculin_NRPPolyketide                 0.32%    passed     20.74%
  11  BGC0000287_PA2302_Pseudomonas_aeruginosa_PAO1_l_2_Amino_4_methoxy_trans_3_butenoic_acid_NRP          0.00%    failed      2.69%
  12  BGC0000378_ABV56588_1_Kutzneria_sp_744_kutzneride_NRP                                                2.25%    passed     19.87%
  13  BGC0001519_STRAU_RS01650_Streptomyces_aurantiacus_JA_4570_aurantimycin_A_NRPPolyketide               1.61%    passed     20.56%
  14  BGC0001138_AET51868_1_Marinactinospora_thermotolerans_A_201A_Other                                  26.37%    passed     49.12%
  15  BGC0000873_CAD62205_1_Saccharothrix_mutabilis_A_201A_Other                                          27.65%    passed     23.19%
  16  BGC0001373_BAV32148_1_Sordaria_araneosa_sordarin_Polyketide                                         19.94%    failed      0.78%
  17  BGC0001836_DAC80073_1_Gynuella_sunshinyii_YC6258_tartrolon_Polyketide                                0.32%    passed     56.24%
  18  BGC0001350_AMH40422_1_Leptolyngbya_sp_ISBN3_Nov_94_8_phormidolide_Polyketide                         0.64%    passed     36.14%
  19  BGC0001031_AFX60309_1_Serratia_marcescens_oocydin_A_NRPPolyketide                                    0.32%    failed      4.63%
  20  BGC0001032_AFX60332_1_Serratia_plymuthica_oocydin_A_NRPPolyketide                                    0.32%    passed     26.31%
  21  BGC0000291_AAZ23082_1_Streptomyces_fradiae_A54145_NRP                                               17.68%    passed     21.96%
  22  BGC0001902_AJY78093_1_Myxococcus_virescens_bengamide_Polyketide                                      1.61%    passed     88.97%
  23  BGC0001040_CAA60470_1_Streptomyces_rapamycinicus_NRRL_5491_rapamycin_NRPPolyketide                  17.04%    passed     99.36%
  24  BGC0000994_AAF86398_1_Streptomyces_hygroscopicus_FR_900520_NRPPolyketide                            17.04%    passed     73.82%
  25  BGC0000970_CAQ43079_1_Chondromyces_crocatus_chondrochloren_A_NRPPolyketide                           3.54%    passed     60.23%
  26  BGC0000147_AAK19884_1_Sorangium_cellulosum_soraphens_Polyketide                                      3.86%    passed     86.51%
  27  BGC0001034_CCE88382_1_Sorangium_cellulosum_pellasoren_NRPPolyketide                                  1.61%    passed     60.23%
  28  BGC0000021_AEP40919_1_Nocardiopsis_sp_FU_40_apoptolidin_Polyketide                                  17.04%    passed     89.80%
  29  BGC0000333_Sare_4554_Salinispora_arenicola_CNS_205_cyclomarin_D_NRP                                 17.36%    passed     66.69%
  30  BGC0002011_AMYAL_RS47350_Amycolatopsis_alba_DSM_44262_ansacarbamitocin_A_maytansinoids_Polyketide    8.68%    passed     26.40%
  31  BGC0000222_BAJ52700_1_Streptomyces_sp_TA_0256_FD_594_Polyketide                                     13.83%    passed     58.11%
****  TOTAL                                                                                               11.75%  6 sequences failed composition chi2 test (p-value<5%; df=19)
ERROR: Alignment does not have specified outgroup taxon BGC0000598_AFS60641.1_Candidatus_Entotheonella_factor_polytheonamide_N_methyltransferase_RiPP_Proteusin
