IQ-TREE multicore version 2.0.3 for Mac OS X 64-bit built Dec 19 2020
Developed by Bui Quang Minh, Nguyen Lam Tung, Olga Chernomor,
Heiko Schmidt, Dominik Schrempf, Michael Woodhams.

Host:    biol-public-vpn-2-113.ethz.ch (AVX2, FMA3, 8 GB RAM)
Command: iqtree -s 32_MT_homologs_PoyE_outgroup_aligned_50gaps_removed_muscle.afa -o AFS60641.1_Candidatus_Entotheonella_factor_polytheonamide_PoyE_polytheonamide -m VT+F+R5 -B 5000 -T 2
Seed:    959774 (Using SPRNG - Scalable Parallel Random Number Generator)
Time:    Sun Jul  4 22:09:28 2021
Kernel:  AVX+FMA - 2 threads (8 CPU cores detected)

Reading alignment file 32_MT_homologs_PoyE_outgroup_aligned_50gaps_removed_muscle.afa ... Fasta format detected
Alignment most likely contains protein sequences
Alignment has 32 sequences with 347 columns, 347 distinct patterns
340 parsimony-informative, 6 singleton sites, 0 constant sites
                                                                                        Gap/Ambiguity  Composition  p-value
   1  AFS60641.1_Candidatus_Entotheonella_factor_polytheonamide_PoyE_polytheonamide             2.88%    failed      0.94%
   2  WP_028499762.1_Microvirgula_aerodenitrificans_AerE_aeronamide                             4.03%    failed      3.16%
   3  Candidatus_Eudoremicrobium_malaspinii_EreM_this_study                                    33.72%    passed     50.33%
   4  ABI26077_1_Planktothrix_agardhii_NIVA_CYA_116_cyanopeptin_NRP                             0.00%    failed      0.00%
   5  AKC92641_1_Amycolatopsis_sp_SANK_60206_A_102395_Other                                    31.41%    passed     40.66%
   6  BAI53084_1_Streptomyces_griseus_A_500359_NRP                                             31.41%    passed     24.67%
   7  AET51865_1_Marinactinospora_thermotolerans_A_201A_Other                                  35.73%    failed      0.92%
   8  CAD62202_1_Saccharothrix_mutabilis_A_201A_Other                                          26.80%    failed      1.56%
   9  BCRE_RS14165_Candidatus_Burkholderia_crenata_FR900359_NRP                                 0.00%    passed     37.53%
  10  AAK83186_1_Streptomyces_viridochromogenes_Tue57_avilamycin_A_Saccharide                  36.31%    passed     13.19%
  11  PA2302_Pseudomonas_aeruginosa_PAO1_l_2_Amino_4_methoxy_trans_3_butenoic_acid_NRP          0.00%    failed      2.74%
  12  BAP05589_1_uncultured_Candidatus_Entotheonella_sp_calyculin_NRPPolyketide                 0.58%    passed     68.09%
  13  ABV56588_1_Kutzneria_sp_744_kutzneride_NRP                                                0.00%    passed     63.60%
  14  STRAU_RS01650_Streptomyces_aurantiacus_JA_4570_aurantimycin_A_NRPPolyketide               0.00%    passed     21.35%
  15  BAV32148_1_Sordaria_araneosa_sordarin_Polyketide                                         29.97%    failed      3.97%
  16  AET51868_1_Marinactinospora_thermotolerans_A_201A_Other                                  35.45%    passed     27.09%
  17  CAD62205_1_Saccharothrix_mutabilis_A_201A_Other                                          36.60%    passed      8.69%
  18  AAZ23082_1_Streptomyces_fradiae_A54145_NRP                                               26.51%    passed     14.05%
  19  AJY78093_1_Myxococcus_virescens_bengamide_Polyketide                                      0.58%    passed     82.70%
  20  DAC80073_1_Gynuella_sunshinyii_YC6258_tartrolon_Polyketide                                0.58%    failed      0.00%
  21  AMH40422_1_Leptolyngbya_sp_ISBN3_Nov_94_8_phormidolide_Polyketide                         0.86%    passed     27.67%
  22  AFX60309_1_Serratia_marcescens_oocydin_A_NRPPolyketide                                    0.00%    failed      3.10%
  23  AFX60332_1_Serratia_plymuthica_oocydin_A_NRPPolyketide                                    0.00%    passed     13.52%
  24  AEP40919_1_Nocardiopsis_sp_FU_40_apoptolidin_Polyketide                                  25.36%    passed     89.56%
  25  CAA60470_1_Streptomyces_rapamycinicus_NRRL_5491_rapamycin_NRPPolyketide                  25.36%    passed     98.96%
  26  AAF86398_1_Streptomyces_hygroscopicus_FR_900520_NRPPolyketide                            25.36%    passed     50.69%
  27  CAQ43079_1_Chondromyces_crocatus_chondrochloren_A_NRPPolyketide                           3.75%    passed     74.64%
  28  AAK19884_1_Sorangium_cellulosum_soraphens_Polyketide                                      4.03%    passed     89.71%
  29  CCE88382_1_Sorangium_cellulosum_pellasoren_NRPPolyketide                                  2.59%    passed     82.96%
  30  Sare_4554_Salinispora_arenicola_CNS_205_cyclomarin_D_NRP                                 24.21%    passed     44.38%
  31  AMYAL_RS47350_Amycolatopsis_alba_DSM_44262_ansacarbamitocin_A_maytansinoids_Polyketide   18.44%    passed     34.99%
  32  BAJ52700_1_Streptomyces_sp_TA_0256_FD_594_Polyketide                                     22.48%    passed     38.94%
****  TOTAL                                                                                    15.16%  9 sequences failed composition chi2 test (p-value<5%; df=19)

Create initial parsimony tree by phylogenetic likelihood library (PLL)... 0.008 seconds
Generating 5000 samples for ultrafast bootstrap (seed: 959774)...

NOTE: 16 MB RAM (0 GB) is required!
Estimate model parameters (epsilon = 0.100)
1. Initial log-likelihood: -18882.391
2. Current log-likelihood: -18475.195
3. Current log-likelihood: -18461.232
4. Current log-likelihood: -18460.966
5. Current log-likelihood: -18460.826
Optimal log-likelihood: -18460.738
Site proportion and rates:  (0.035,0.088) (0.125,0.334) (0.128,0.566) (0.468,0.987) (0.243,1.728)
Parameters optimization took 5 rounds (0.614 sec)
Computing ML distances based on estimated model parameters... 0.128 sec
Computing BIONJ tree...
0.001 seconds
Log-likelihood of BIONJ tree: -18479.820
--------------------------------------------------------------------
|             INITIALIZING CANDIDATE TREE SET                      |
--------------------------------------------------------------------
Generating 98 parsimony trees... 0.465 second
Computing log-likelihood of 98 initial trees ... 1.082 seconds
Current best score: -18460.738

Do NNI search on 20 best initial trees
Estimate model parameters (epsilon = 0.100)
BETTER TREE FOUND at iteration 1: -18454.025
Estimate model parameters (epsilon = 0.100)
BETTER TREE FOUND at iteration 2: -18452.378
Estimate model parameters (epsilon = 0.100)
BETTER TREE FOUND at iteration 3: -18451.518
Iteration 10 / LogL: -18452.527 / Time: 0h:0m:5s
Iteration 20 / LogL: -18454.279 / Time: 0h:0m:7s
Finish initializing candidate tree set (3)
Current best tree score: -18451.518 / CPU time: 6.413
Number of iterations: 20
--------------------------------------------------------------------
|               OPTIMIZING CANDIDATE TREE SET                      |
--------------------------------------------------------------------
Iteration 30 / LogL: -18451.543 / Time: 0h:0m:10s (0h:0m:25s left)
Iteration 40 / LogL: -18451.813 / Time: 0h:0m:13s (0h:0m:21s left)
Iteration 50 / LogL: -18456.460 / Time: 0h:0m:16s (0h:0m:17s left)
Log-likelihood cutoff on original alignment: -18491.224
Iteration 60 / LogL: -18454.225 / Time: 0h:0m:19s (0h:0m:14s left)
Iteration 70 / LogL: -18453.496 / Time: 0h:0m:23s (0h:0m:11s left)
Iteration 80 / LogL: -18452.325 / Time: 0h:0m:26s (0h:0m:7s left)
Iteration 90 / LogL: -18451.923 / Time: 0h:0m:29s (0h:0m:4s left)
Iteration 100 / LogL: -18455.660 / Time: 0h:0m:31s (0h:0m:0s left)
Log-likelihood cutoff on original alignment: -18491.224
NOTE: Bootstrap correlation coefficient of split occurrence frequencies: 0.996
TREE SEARCH COMPLETED AFTER 104 ITERATIONS / Time: 0h:0m:33s

--------------------------------------------------------------------
|                    FINALIZING TREE SEARCH                        |
--------------------------------------------------------------------
Performs final model parameters optimization
Estimate model parameters (epsilon = 0.010)
1. Initial log-likelihood: -18451.518
2. Current log-likelihood: -18451.507
Optimal log-likelihood: -18451.500
Site proportion and rates:  (0.039,0.093) (0.137,0.356) (0.099,0.537) (0.511,0.994) (0.214,1.803)
Parameters optimization took 2 rounds (0.218 sec)
BEST SCORE FOUND : -18451.500
Creating bootstrap support values...
Split supports printed to NEXUS file 32_MT_homologs_PoyE_outgroup_aligned_50gaps_removed_muscle.afa.splits.nex
Total tree length: 28.912

Total number of iterations: 104
CPU time used for tree search: 63.009 sec (0h:1m:3s)
Wall-clock time used for tree search: 32.650 sec (0h:0m:32s)
Total CPU time used: 65.839 sec (0h:1m:5s)
Total wall-clock time used: 34.344 sec (0h:0m:34s)

Computing bootstrap consensus tree...
Reading input file 32_MT_homologs_PoyE_outgroup_aligned_50gaps_removed_muscle.afa.splits.nex...
32 taxa and 251 splits.
Consensus tree written to 32_MT_homologs_PoyE_outgroup_aligned_50gaps_removed_muscle.afa.contree
Reading input trees file 32_MT_homologs_PoyE_outgroup_aligned_50gaps_removed_muscle.afa.contree
Log-likelihood of consensus tree: -18451.529

Analysis results written to: 
  IQ-TREE report:                32_MT_homologs_PoyE_outgroup_aligned_50gaps_removed_muscle.afa.iqtree
  Maximum-likelihood tree:       32_MT_homologs_PoyE_outgroup_aligned_50gaps_removed_muscle.afa.treefile
  Likelihood distances:          32_MT_homologs_PoyE_outgroup_aligned_50gaps_removed_muscle.afa.mldist

Ultrafast bootstrap approximation results written to:
  Split support values:          32_MT_homologs_PoyE_outgroup_aligned_50gaps_removed_muscle.afa.splits.nex
  Consensus tree:                32_MT_homologs_PoyE_outgroup_aligned_50gaps_removed_muscle.afa.contree
  Screen log file:               32_MT_homologs_PoyE_outgroup_aligned_50gaps_removed_muscle.afa.log

Date and Time: Sun Jul  4 22:10:03 2021
